<?xml version="1.0" encoding="UTF-8"?>
<!-- Generated by org.testng.reporters.JUnitXMLReporter -->
<testsuite ignored="0" hostname="GEETAKARUNYAM" failures="0" tests="4" name="Test" time="0.062" errors="0" timestamp="2023-09-04T11:13:13 IST">
  <testcase classname="sample.test2" name="test1" time="0.007"/>
  <testcase classname="sample.test2" name="test2" time="0.002"/>
  <testcase classname="sample.test1" name="test1" time="0.001"/>
  <testcase classname="sample.test1" name="test2" time="0.001"/>
</testsuite> <!-- Test -->
