<?xml version="1.0" encoding="UTF-8"?>
<testng-results ignored="0" total="4" passed="4" failed="0" skipped="0">
  <reporter-output>
    <line>
      <![CDATA[Test1]]>
    </line>
    <line>
      <![CDATA[Test2]]>
    </line>
    <line>
      <![CDATA[Test1]]>
    </line>
    <line>
      <![CDATA[Test2]]>
    </line>
  </reporter-output>
  <suite started-at="2023-09-04T11:13:13 IST" name="Suite" finished-at="2023-09-04T11:13:13 IST" duration-ms="62">
    <groups>
    </groups>
    <test started-at="2023-09-04T11:13:13 IST" name="Test" finished-at="2023-09-04T11:13:13 IST" duration-ms="62">
      <class name="sample.test1">
        <test-method signature="test1()[pri:0, instance:sample.test1@49139829]" started-at="2023-09-04T11:13:13 IST" name="test1" finished-at="2023-09-04T11:13:13 IST" duration-ms="1" status="PASS">
          <reporter-output>
            <line>
              <![CDATA[Test1]]>
            </line>
          </reporter-output>
        </test-method> <!-- test1 -->
        <test-method signature="test2()[pri:0, instance:sample.test1@49139829]" started-at="2023-09-04T11:13:13 IST" name="test2" finished-at="2023-09-04T11:13:13 IST" duration-ms="1" status="PASS">
          <reporter-output>
            <line>
              <![CDATA[Test2]]>
            </line>
          </reporter-output>
        </test-method> <!-- test2 -->
      </class> <!-- sample.test1 -->
      <class name="sample.test2">
        <test-method signature="test1()[pri:0, instance:sample.test2@7f3b84b8]" started-at="2023-09-04T11:13:13 IST" name="test1" finished-at="2023-09-04T11:13:13 IST" duration-ms="7" status="PASS">
          <reporter-output>
            <line>
              <![CDATA[Test1]]>
            </line>
          </reporter-output>
        </test-method> <!-- test1 -->
        <test-method signature="test2()[pri:0, instance:sample.test2@7f3b84b8]" started-at="2023-09-04T11:13:13 IST" name="test2" finished-at="2023-09-04T11:13:13 IST" duration-ms="2" status="PASS">
          <reporter-output>
            <line>
              <![CDATA[Test2]]>
            </line>
          </reporter-output>
        </test-method> <!-- test2 -->
      </class> <!-- sample.test2 -->
    </test> <!-- Test -->
  </suite> <!-- Suite -->
</testng-results>
